0:100  0:100  MemLog inited, TSC freq: 1800529440
0:100  0:000  CPU was calibrated with RTC
0:100  0:000  
0:100  0:000  Now is 12.3.2019,  7:53:39 (GMT)
0:100  0:000  Starting Clover revision: 4701.RM-4963.24249(ca6cca7c.a0344119e7)  on Lenovo EFI
0:100  0:000  Build with: [Args: -mc --no-usb -D NO_GRUB_DRIVERS_EMBEDDED -t XCODE8 | -D DISABLE_USB_SUPPORT -D NO_GRUB_DRIVERS_EMBEDDED --conf=/Users/rehabman/Projects/clover.git/src/edk2/Conf -D USE_BIOS_BLOCKIO -D USE_LOW_EBDA -a X64 -b RELEASE -t XCODE8 -n 9 | OS: 10.14 | XCODE: 9.4.1]
0:100  0:000  SelfDevicePath=PciRoot(0x0)\Pci(0x17,0x0)\Sata(0x2,0x0,0x0)\HD(1,GPT,004D265A-BACB-4E37-ACF2-8E3807938529,0x28,0x64000) @793BAB18
0:100  0:000  SelfDirPath = \EFI\BOOT
0:100  0:000  === [ Get Smbios ] ========================================
0:105  0:005  Type 16 Index = 0
0:105  0:000  Total Memory Slots Count = 2
0:105  0:000  Type 17 Index = 0
0:105  0:000  SmbiosTable.Type17->Speed = 2400MHz
0:105  0:000  SmbiosTable.Type17->Size = 8192MB
0:105  0:000  SmbiosTable.Type17->Bank/Device = BANK 0 ChannelA-DIMM0
0:105  0:000  SmbiosTable.Type17->Vendor = 0443
0:105  0:000  SmbiosTable.Type17->SerialNumber = 12B1AE51
0:105  0:000  SmbiosTable.Type17->PartNumber = RMSA3260MH78HAF-2666
0:105  0:000  Type 17 Index = 1
0:105  0:000  SmbiosTable.Type17->Speed = 2400MHz
0:105  0:000  SmbiosTable.Type17->Size = 8192MB
0:105  0:000  SmbiosTable.Type17->Bank/Device = BANK 2 ChannelB-DIMM0
0:105  0:000  SmbiosTable.Type17->Vendor = 0443
0:105  0:000  SmbiosTable.Type17->SerialNumber = 12E7B051
0:105  0:000  SmbiosTable.Type17->PartNumber = RMSA3260MH78HAF-2666
0:105  0:000  Boot status=0
0:105  0:000  Running on: '20L5CTO1WW' with board '20L5CTO1WW'
0:105  0:000  === [ GetCPUProperties ] ==================================
0:105  0:000  CPU Vendor = 756E6547 Model=806EA
0:105  0:000   The CPU supported SSE4.1
0:105  0:000  BrandString = Intel(R) Core(TM) i5-8250U CPU @ 1.60GHz
0:105  0:000   The CPU supported turbo
0:105  0:000  MSR 0x35               40008
0:105  0:000   TSC/CCC Information Leaf:
0:105  0:000    numerator     : 150
0:105  0:000    denominator   : 2
0:105  0:000   Calibrated ARTFrequency: 24007059
0:105  0:000  MSR 0xE2 before patch 1E008008
0:105  0:000  MSR 0xE2 is locked, PM patches will be turned on
0:105  0:000  MSR 0xCE              0004043D_F1011200
0:105  0:000  corrected FLEX_RATIO = 0
0:105  0:000  MSR 0x1B0             00000000
0:105  0:000  FSBFrequency = 89 MHz, DMI FSBFrequency = 100 MHz, Corrected FSBFrequency = 100 MHz
0:105  0:000  MaxDiv/MinDiv: 18.0/4
0:105  0:000  Turbo: 34/34/34/34
0:105  0:000  Features: 0xBFEBFBFF
0:105  0:000  Threads: 8
0:105  0:000  Cores: 4
0:105  0:000  FSB: 100 MHz
0:105  0:000  CPU: 1600 MHz
0:105  0:000  TSC: 1600 MHz
0:105  0:000  PIS: 100 MHz
0:105  0:000  ExternalClock: 25 MHz
0:105  0:000  === [ GetDevices ] ========================================
0:105  0:000  PCI (00|00:00.00) : 8086 5914 class=060000
0:105  0:000  PCI (00|00:02.00) : 8086 5917 class=030000
0:105  0:000   - GFX: Model=Intel UHD Graphics 620 (Intel)
0:105  0:000  PCI (00|00:04.00) : 8086 1903 class=118000
0:105  0:000  PCI (00|00:08.00) : 8086 1911 class=088000
0:105  0:000  PCI (00|00:14.00) : 8086 9D2F class=0C0330
0:105  0:000  PCI (00|00:14.02) : 8086 9D31 class=118000
0:105  0:000  PCI (00|00:15.00) : 8086 9D60 class=118000
0:105  0:000  PCI (00|00:16.00) : 8086 9D3A class=078000
0:105  0:000  PCI (00|00:17.00) : 8086 9D03 class=010601
0:105  0:000  PCI (00|00:1C.00) : 8086 9D10 class=060400
0:105  0:000  PCI (00|00:1C.06) : 8086 9D16 class=060400
0:105  0:000  PCI (00|03:00.00) : 14E4 43BA class=028000
0:105  0:000   - WIFI: Vendor=Broadcom
0:105  0:000  PCI (00|00:1D.00) : 8086 9D18 class=060400
0:105  0:000  PCI (00|04:00.00) : 8086 15C0 class=060400
0:105  0:000  PCI (00|05:00.00) : 8086 15C0 class=060400
0:105  0:000  PCI (00|06:00.00) : 8086 15BF class=088000
0:105  0:000  PCI (00|05:01.00) : 8086 15C0 class=060400
0:105  0:000  PCI (00|05:02.00) : 8086 15C0 class=060400
0:105  0:000  PCI (00|3C:00.00) : 8086 15C1 class=0C0330
0:105  0:000  PCI (00|00:1F.00) : 8086 9D4E class=060100
0:105  0:000  PCI (00|00:1F.02) : 8086 9D21 class=058000
0:106  0:000  PCI (00|00:1F.03) : 8086 9D71 class=040300
0:106  0:000  PCI (00|00:1F.04) : 8086 9D23 class=0C0500
0:106  0:000  PCI (00|00:1F.06) : 8086 15D8 class=020000
0:106  0:000   - LAN: 0 Vendor=Intel
0:106  0:000  === [ GetDefaultSettings ] ================================
0:106  0:000  Clover load options size = 0 bytes
0:122  0:016  EFI\CLOVER\config.plist loaded: Success
0:128  0:006  === [ GetListOfThemes ] ===================================
0:128  0:000  === [ Found config plists ] ===============================
0:129  0:000  - config.plist
0:129  0:000  === [ GetEarlyUserSettings ] ==============================
0:129  0:000  timeout set to 5
0:129  0:000  Custom boot CUSTOM_BOOT_DISABLED (0x0)
0:129  0:000  === [ LoadDrivers ] =======================================
0:130  0:001  Loading ApfsDriverLoader.efi  status=Success
0:133  0:003   - driver needs connecting
0:133  0:000  Loading AppleImageLoader.efi  status=Success
0:137  0:003  Loading AppleUiSupport.efi  status=Success
0:142  0:005  Loading AptioInputFix.efi  status=Success
0:158  0:015  Loading AptioMemoryFix.efi  status=Success
0:162  0:003  Loading HFSPlus.efi  status=Success
0:165  0:003   - driver needs connecting
0:165  0:000  Loading VirtualSmc.efi  status=Success
0:169  0:004  2 drivers needs connecting ...
0:169  0:000  PlatformDriverOverrideProtocol not found. Installing ... Success
0:169  0:000  HFS+ driver loaded
0:169  0:000  APFS driver loaded
0:170  0:000  Searching for invalid DiskIo BY_DRIVER connects: not found, all ok
6:285  6:115  === [ InitScreen ] ========================================
6:285  0:000  SetMaxResolution: found best mode 0: 1920x1080
6:285  0:000   - already set
6:285  0:000  Console modes reported: 6, available modes:
6:285  0:000   - [01]: 80x25
6:285  0:000   - [02]: 80x50
6:285  0:000   - [03]: 240x56 (current mode)
6:285  0:000   - [04]: 100x31
6:285  0:000   - [05]: 128x40
6:285  0:000   - [06]: 160x53
6:285  0:000  SetScreenResolution: 1920x1080 - already set
6:285  0:000  reinit: self device path=PciRoot(0x0)\Pci(0x17,0x0)\Sata(0x2,0x0,0x0)\HD(1,GPT,004D265A-BACB-4E37-ACF2-8E3807938529,0x28,0x64000)
6:286  0:001  Using embedded font: Success
6:288  0:001  === [ GetMacAddress ] =====================================
6:288  0:000  MAC address of LAN #0= 8C:16:45:83:C4:E9:
6:288  0:000  MAC address of LAN #1= 8C:16:45:83:C4:E9:
6:288  0:000  MAC address of LAN #2= 8C:16:45:83:C4:E9:
6:288  0:000  MAC address of LAN #3= 8C:16:45:83:C4:E9:
6:288  0:000  === [ ScanSPD ] ===========================================
6:288  0:000  SMBus device : 8086 9D23 class=0C0500 status=Success
6:288  0:000  SMBus CmdReg: 0x1
6:288  0:000  Scanning SMBus [8086:9D23], mmio: 0xE8557004, ioport: 0xEFA0, hostc: 0x11
6:288  0:000  Slots to scan [8]...
6:289  0:000  SPD[0]: Type 12 @0x50
6:307  0:018  Not using XMP because it is not present
6:307  0:000  DDR speed 2666MHz
6:307  0:000  Slot: 0 Type 26 8192MB 2666MHz Vendor=Ramaxel Technology PartNo=RMSA3260MH78HAF-2666 SerialNo=01020B010A0E0501
6:308  0:000  SPD[1]: Type 12 @0x51
6:326  0:018  Not using XMP because it is not present
6:326  0:000  DDR speed 2666MHz
6:326  0:000  Slot: 1 Type 26 8192MB 2666MHz Vendor=Ramaxel Technology PartNo=RMSA3260MH78HAF-2666 SerialNo=01020E070B000501
6:327  0:001  === [ GetAcpiTablesList ] =================================
6:336  0:008  Get Acpi Tables List from RSDT:
6:336  0:000   - [00]: FACP  TP-N24   len=244
6:336  0:000   - [01]: SSDT  DptfTabl len=78529
6:336  0:000   - [02]: SSDT  Tpm2Tabl len=987
6:336  0:000   - [03]: TPM2  TP-N24   len=52
6:336  0:000   - [04]: UEFI  TP-N24   len=66
6:336  0:000   - [05]: SSDT  SaSsdt  len=12451
6:336  0:000   - [06]: SSDT  PerfTune len=1478
6:336  0:000   - [07]: HPET  TP-N24   len=56
6:336  0:000   - [08]: APIC  TP-N24   len=300
6:336  0:000   - [09]: MCFG  TP-N24   len=60
6:336  0:000   - [10]: ECDT  TP-N24   len=83
6:336  0:000   - [11]: SSDT  RVP7Rtd3 len=7324
6:336  0:000   - [12]: SSDT  Rmv_Batt len=540
6:336  0:000   - [13]: SSDT  ProjSsdt len=5692
6:336  0:000   - [14]: BOOT  TP-N24   len=40
6:336  0:000   - [15]: BATB  TP-N24   len=74
6:336  0:000   - [16]: SSDT  CpuSsdt len=6062
6:336  0:000   - [17]: SSDT  CtdpB len=1389
6:336  0:000   - [18]: SSDT  UsbCTabl len=1656
6:336  0:000   - [19]: LPIT  TP-N24   len=148
6:336  0:000   - [20]: WSMT  TP-N24   len=40
6:336  0:000   - [21]: SSDT  HdaDsp len=472
6:336  0:000   - [22]: SSDT  TbtTypeC len=1276
6:336  0:000   - [23]: SSDT  Wwan len=721
6:336  0:000   - [24]: DBGP  TP-N24   len=52
6:336  0:000   - [25]: DBG2  TP-N24   len=84
6:336  0:000   - [26]: MSDM  TP-N24   len=85
6:336  0:000   - [27]: DMAR  TP-N24   len=204
6:336  0:000   - [28]: ASF!  TP-N24   len=160
6:336  0:000   - [29]: FPDT  TP-N24   len=68
6:336  0:000   - [30]: UEFI  TP-N24   len=318
6:336  0:000   - [31]: BGRT  TP-N24   len=56
6:336  0:000  Calibrated TSC Frequency = 1800529440 = 1800MHz
6:336  0:000  === [ GetUserSettings ] ===================================
6:336  0:000  Add 2 devices:
6:336  0:000  USB FixOwnership: yes
6:336  0:000  Dropping 1 tables:
6:336  0:000   - [00]: Drop table  signature="DMAR" (52414D44)
6:336  0:000           - set table: 52414D44,                0 to drop: yes
6:336  0:000   - final DSDT Fix mask=00020050
6:336  0:000  PatchesDSDT: 18 requested
6:336  0:000   - [00]: (Method GBIF To XXX0) lenToFind: 8, lenToReplace: 8, Target Bridge: <null string>
6:336  0:000   - [01]: (Method GBIX To XXX1) lenToFind: 8, lenToReplace: 8, Target Bridge: <null string>
6:336  0:000   - [02]: (Method GBST To XXX2) lenToFind: 8, lenToReplace: 8, Target Bridge: <null string>
6:336  0:000   - [03]: (Method AJTP To XXX3) lenToFind: 8, lenToReplace: 8, Target Bridge: <null string>
6:336  0:000   - [04]: (Method OWAK To XXX4) lenToFind: 8, lenToReplace: 8, Target Bridge: <null string>
6:336  0:000   - [05]: (Method _L17 To XXX5) lenToFind: 8, lenToReplace: 8, Target Bridge: <null string>
6:336  0:000   - [06]: (Notify BAT0 To BATC) lenToFind: 5, lenToReplace: 5, Target Bridge: <null string>
6:336  0:000   - [07]: (Notify BAT1 To BATC) lenToFind: 5, lenToReplace: 5, Target Bridge: <null string>
6:336  0:000   - [08]: (Method _PRW 0x04 To 0x00) lenToFind: 16, lenToReplace: 16, Target Bridge: <null string>
6:336  0:000   - [09]: (Name (XHC) _DSM To XDSM) lenToFind: 14, lenToReplace: 14, Target Bridge: <null string>
6:336  0:000   - [10]: (Name (XHC) _PRW To XPRW) lenToFind: 5, lenToReplace: 5, Target Bridge: <null string>
6:336  0:000   - [11]: (Method _PTS To XPTS) lenToFind: 7, lenToReplace: 7, Target Bridge: <null string>
6:336  0:000   - [12]: (Method _WAK To XWAK) lenToFind: 7, lenToReplace: 7, Target Bridge: <null string>
6:336  0:000   - [13]: (Rename _OSI To XOSI) lenToFind: 4, lenToReplace: 4, Target Bridge: <null string>
6:336  0:000   - [14]: (Rename _Q15 To XQ15 (Fn F5)) lenToFind: 4, lenToReplace: 4, Target Bridge: <null string>
6:336  0:000   - [15]: (Rename _Q14 To XQ14 (Fn F6)) lenToFind: 4, lenToReplace: 4, Target Bridge: <null string>
6:336  0:000   - [16]: (Rename GFX0 To IGPU) lenToFind: 4, lenToReplace: 4, Target Bridge: <null string>
6:336  0:000   - [17]: (Rename HECI To IMEI) lenToFind: 4, lenToReplace: 4, Target Bridge: <null string>
6:336  0:000  PluginType: 1
6:336  0:000  Using ProductName from config: MacBookPro15,2
6:336  0:000  BiosVersion: not set, Using BiosVersion from clover
6:336  0:000  BiosVersion: 15.16.6703.0.0,0
6:336  0:000  BiosReleaseDate: 06/26/2018
6:336  0:000  Using FirmwareFeatures from clover: 0xFC0FE137
6:336  0:000  Using FirmwareFeaturesMask from clover: 0xFF1FFF3F
6:336  0:000  Using PlatformFeature from clover: 0x1A
6:336  0:000  CpuType: 0
6:336  0:000  Converted CustomUUID 990240D7-7FFE-4139-AD1B-2FA7598A8719
6:395  0:058  === [ Found DSDT tables ] =================================
6:409  0:013  - DSDT.aml
6:565  0:155  === [ ScanVolumes ] =======================================
6:565  0:000  Found 9 volumes with blockIO
6:565  0:000  - [00]: Volume: PciRoot(0x0)\Pci(0x14,0x0)\USB(0xD,0x0)\Unit(0x0)
6:565  0:000          USB volume
6:565  0:000  - [01]: Volume: PciRoot(0x0)\Pci(0x17,0x0)\Sata(0x2,0x0,0x0)
6:565  0:000  - [02]: Volume: PciRoot(0x0)\Pci(0x14,0x0)\USB(0xD,0x0)\Unit(0x0)\HD(1,GPT,2676709D-4A7D-49DB-A63F-BCBF24A89CD6,0x800,0xE8DF7800)
6:565  0:000          Result of bootcode detection: bootable Windows (vista,win)
6:565  0:000          USB volume
6:565  0:000  - [03]: Volume: PciRoot(0x0)\Pci(0x17,0x0)\Sata(0x2,0x0,0x0)\HD(1,GPT,004D265A-BACB-4E37-ACF2-8E3807938529,0x28,0x64000)
6:566  0:000          Result of bootcode detection: bootable unknown (legacy)
6:566  0:000          This is SelfVolume !!
6:566  0:000  - [04]: Volume: PciRoot(0x0)\Pci(0x17,0x0)\Sata(0x2,0x0,0x0)\HD(2,GPT,F9D574EA-621A-4773-9F8A-B22F8A9CEBB0,0x64028,0x3A321FE0)
6:566  0:000          Result of bootcode detection: bootable unknown (legacy)
6:566  0:000  - [05]: Volume: PciRoot(0x0)\Pci(0x17,0x0)\Sata(0x2,0x0,0x0)\HD(2,GPT,F9D574EA-621A-4773-9F8A-B22F8A9CEBB0,0x64028,0x3A321FE0)\VenMedia(BE74FCF7-0B7C-49F3-9147-01F4042E6842,7E9FFD752FC9D342BE258E9506C0BE9E)
6:566  0:000  - [06]: Volume: PciRoot(0x0)\Pci(0x17,0x0)\Sata(0x2,0x0,0x0)\HD(2,GPT,F9D574EA-621A-4773-9F8A-B22F8A9CEBB0,0x64028,0x3A321FE0)\VenMedia(BE74FCF7-0B7C-49F3-9147-01F4042E6842,5CD1C6A79C3D643D96F67B6476495829)
6:566  0:000  - [07]: Volume: PciRoot(0x0)\Pci(0x17,0x0)\Sata(0x2,0x0,0x0)\HD(2,GPT,F9D574EA-621A-4773-9F8A-B22F8A9CEBB0,0x64028,0x3A321FE0)\VenMedia(BE74FCF7-0B7C-49F3-9147-01F4042E6842,6BE8EF0B7788DE4FB6C17F20EF74C2A5)
6:566  0:000  - [08]: Volume: PciRoot(0x0)\Pci(0x17,0x0)\Sata(0x2,0x0,0x0)\HD(2,GPT,F9D574EA-621A-4773-9F8A-B22F8A9CEBB0,0x64028,0x3A321FE0)\VenMedia(BE74FCF7-0B7C-49F3-9147-01F4042E6842,9658D7BC48D5EF4A87EB45D695B9B776)
6:567  0:000  === [ InitTheme ] =========================================
6:567  0:000   using embedded theme
6:568  0:001  Using embedded font: Success
6:568  0:000  Chosen embedded theme
6:569  0:000  after NVRAM boot-args=brcmfx-country=#a
6:569  0:000  === [ Dump SMC keys from NVRAM ] ==========================
6:569  0:000  found AppleSMC protocol
6:644  0:074  === [ ScanLoader ] ========================================
6:644  0:000  - [03]: 'EFI'
6:644  0:000          AddLoaderEntry for Volume Name=EFI
6:644  0:000          skipped because entry is hidden
6:644  0:000  - [05]: 'Preboot'
6:672  0:028          AddLoaderEntry for Volume Name=Preboot
6:698  0:025      Check if volume Is Hibernated:
6:698  0:000      Check sleep image 'by signature':
6:699  0:001      using default sleep image name = \private\var\vm\sleepimage
6:699  0:000      sleepimage not found -> Not Found
6:699  0:000      hibernated: no - sign
6:705  0:006          AddLoaderEntry for Volume Name=Preboot
6:734  0:028  - [06]: 'Macintosh HD'
6:820  0:086          AddLoaderEntry for Volume Name=Macintosh HD
7:165  0:344          AddLoaderEntry for Volume Name=Macintosh HD
7:215  0:050      Check if volume Is Hibernated:
7:215  0:000      Check sleep image 'by signature':
7:384  0:169      read prefs \Library\Preferences\com.apple.PowerManagement.plist status=Success
7:384  0:000      using default sleep image name = \private\var\vm\sleepimage
7:479  0:094      sleepimage not found -> Not Found
7:479  0:000      hibernated: no - sign
7:489  0:009  - [07]: 'Recovery'
7:496  0:007          AddLoaderEntry for Volume Name=Recovery
7:524  0:027  - [08]: 'VM'
7:524  0:000  Scanning legacy ...
7:524  0:000   2: 'Legacy HD1' (vista,win) add legacy
7:525  0:000   added 'Boot Windows from Legacy HD1' OSType=2 Icon=vista,win
7:525  0:000  === [ AddCustomTool ] =====================================
7:540  0:015  found tool \EFI\CLOVER\tools\Shell64U.efi
7:540  0:000  Checking EFI partition Volume 3 for Clover
7:540  0:000   Found Clover
7:542  0:001  === [ GetEfiBootDeviceFromNvram ] =========================
7:543  0:000   - found entry 0. 'Boot FileVault Prebooter from Preboot', Volume 'Preboot', DevicePath 'PciRoot(0x0)\Pci(0x17,0x0)\Sata(0x2,0x0,0x0)\HD(2,GPT,F9D574EA-621A-4773-9F8A-B22F8A9CEBB0,0x64028,0x3A321FE0)\VenMedia(BE74FCF7-0B7C-49F3-9147-01F4042E6842,7E9FFD752FC9D342BE258E9506C0BE9E)\A7C6D15C-3D9C-3D64-96F6-7B6476495829\System\Library\CoreServices\boot.efii'
7:543  0:000  DefaultIndex=0 and MainMenu.EntryCount=12
7:674  0:131  GUI ready
19:945  12:270  Found UEFI Acpi 2.0 RSDP at 7FFFE014
19:945  0:000  Saving ACPI tables from RSDP 7FFFE014 to EFI\CLOVER\ACPI\origin ...
19:945  0:000   7FFFE014: 'RSD PTR ', Rev: 2 (Acpi 2.0 or newer), Len: 36 -> RSDP.aml
20:023  0:078    (Xsdt: 7FFAC188, Rsdt: 7FFAC0C4)
20:023  0:000    7FFAC188: 'XSDT', 'TP-N24', Rev: 1, Len: 292 -> XSDT.aml
20:042  0:018    7FFAC0C4: 'RSDT', 'TP-N24', Rev: 1, Len: 164 -> RSDT.aml
20:061  0:019    Tables in Xsdt: 32
20:061  0:000    0. 7FFE1000: 'FACP', 'TP-N24', Rev: 5, Len: 244 -> FACP.aml
20:080  0:019        (Dsdt: 7FFBA000, Facs: 7FF3D000, XDsdt: 7FFBA000, XFacs: 0)
20:080  0:000        7FFBA000: 'DSDT', 'SKL', Rev: 2, Len: 139352 -> DSDT.aml
20:108  0:027        7FF3D000: 'FACS', Ver: 2, Len: 64 -> FACS.aml
20:126  0:018    1. 7FFE9000: 'SSDT', 'DptfTabl', Rev: 2, Len: 78529 -> SSDT-0-DptfTabl.aml
20:148  0:022    2. 7FFE8000: 'SSDT', 'Tpm2Tabl', Rev: 2, Len: 987 -> SSDT-1-Tpm2Tabl.aml
20:166  0:017    3. 7FFE7000: 'TPM2', 'TP-N24', Rev: 3, Len: 52 -> TPM2.aml
20:185  0:018    4. 7FF53000: 'UEFI', 'TP-N24', Rev: 1, Len: 66 -> UEFI.aml
20:203  0:018    5. 7FFE3000: 'SSDT', 'SaSsdt', Rev: 2, Len: 12451 -> SSDT-2-SaSsdt.aml
20:225  0:021    6. 7FFE2000: 'SSDT', 'PerfTune', Rev: 2, Len: 1478 -> SSDT-3-PerfTune.aml
20:243  0:018    7. 7FFE0000: 'HPET', 'TP-N24', Rev: 1, Len: 56 -> HPET.aml
20:265  0:021    8. 7FFDF000: 'APIC', 'TP-N24', Rev: 3, Len: 300 -> APIC.aml
20:285  0:020    9. 7FFDE000: 'MCFG', 'TP-N24', Rev: 1, Len: 60 -> MCFG.aml
20:305  0:019    10. 7FFDD000: 'ECDT', 'TP-N24', Rev: 1, Len: 83 -> ECDT.aml
20:326  0:020    11. 7FFB8000: 'SSDT', 'RVP7Rtd3', Rev: 2, Len: 7324 -> SSDT-4-RVP7Rtd3.aml
20:343  0:016    12. 7FFB7000: 'SSDT', 'Rmv_Batt', Rev: 1, Len: 540 -> SSDT-5-Rmv_Batt.aml
20:361  0:018    13. 7FFB5000: 'SSDT', 'ProjSsdt', Rev: 2, Len: 5692 -> SSDT-6-ProjSsdt.aml
20:381  0:020    14. 7FFB4000: 'BOOT', 'TP-N24', Rev: 1, Len: 40 -> BOOT.aml
20:399  0:017    15. 7FFB3000: 'BATB', 'TP-N24', Rev: 2, Len: 74 -> BATB.aml
20:416  0:016    16. 7FFB1000: 'SSDT', 'CpuSsdt', Rev: 2, Len: 6062 -> SSDT-7-CpuSsdt.aml (Found hidden SSDT 7 pcs)
20:439  0:023        * 7FBA1098: 'SSDT', 'Cpu0Ist', Rev: 2, Len: 1419  53 53 44 54 8B 05 00 00 02 63 50 6D 52 65 66 00 Internal length = 1419 -> SSDT-x7_0-Cpu0Ist.aml
20:460  0:020        * 7FB27018: 'SSDT', 'ApIst', Rev: 2, Len: 3348  53 53 44 54 14 0D 00 00 02 2A 50 6D 52 65 66 00 Internal length = 3348 -> SSDT-x7_1-ApIst.aml
20:478  0:017        * 7FB28698: 'SSDT', 'Cpu0Cst', Rev: 2, Len: 1023  53 53 44 54 FF 03 00 00 02 11 50 6D 52 65 66 00 Internal length = 1023 -> SSDT-x7_2-Cpu0Cst.aml
20:499  0:021        * 7FBA1B18: 'SSDT', 'ApCst', Rev: 2, Len: 778  53 53 44 54 0A 03 00 00 02 93 50 6D 52 65 66 00 Internal length = 778 -> SSDT-x7_3-ApCst.aml
20:517  0:017        * 7FBA1718: 'SSDT', 'Cpu0Hwp', Rev: 2, Len: 186  53 53 44 54 BA 00 00 00 02 7D 50 6D 52 65 66 00 Internal length = 186 -> SSDT-x7_4-Cpu0Hwp.aml
20:541  0:023        * 7FB26018: 'SSDT', 'ApHwp', Rev: 2, Len: 791  53 53 44 54 17 03 00 00 02 80 50 6D 52 65 66 00 Internal length = 791 -> SSDT-x7_5-ApHwp.aml
20:563  0:022        * 7FB28018: 'SSDT', 'HwpLvt', Rev: 2, Len: 1576  53 53 44 54 28 06 00 00 02 85 50 6D 52 65 66 00 Internal length = 1576 -> SSDT-x7_6-HwpLvt.aml
20:584  0:021  
20:584  0:000    17. 7FFB0000: 'SSDT', 'CtdpB', Rev: 2, Len: 1389 -> SSDT-8-CtdpB.aml
20:603  0:018    18. 7FFAF000: 'SSDT', 'UsbCTabl', Rev: 2, Len: 1656 -> SSDT-9-UsbCTabl.aml
20:625  0:021    19. 7FFAE000: 'LPIT', 'TP-N24', Rev: 1, Len: 148 -> LPIT.aml
20:647  0:021    20. 7FFAD000: 'WSMT', 'TP-N24', Rev: 1, Len: 40 -> WSMT.aml
20:667  0:020    21. 7FFFD000: 'SSDT', 'HdaDsp', Rev: 2, Len: 472 -> SSDT-10-HdaDsp.aml
20:690  0:022    22. 7FFAB000: 'SSDT', 'TbtTypeC', Rev: 2, Len: 1276 -> SSDT-11-TbtTypeC.aml
20:713  0:022    23. 7FFAA000: 'SSDT', 'Wwan', Rev: 2, Len: 721 -> SSDT-12-Wwan.aml
20:734  0:021    24. 7FFA9000: 'DBGP', 'TP-N24', Rev: 1, Len: 52 -> DBGP.aml
20:753  0:019    25. 7FFA8000: 'DBG2', 'TP-N24', Rev: 0, Len: 84 -> DBG2.aml
20:775  0:021    26. 7FFA7000: 'MSDM', 'TP-N24', Rev: 3, Len: 85 -> MSDM.aml
20:796  0:020    27. 7FFA6000: 'DMAR', 'TP-N24', Rev: 1, Len: 204 -> DMAR.aml
20:812  0:016    28. 7FFA5000: 'ASF!', 'TP-N24', Rev: 32, Len: 160 -> ASF!.aml
20:833  0:021    29. 7FFA4000: 'FPDT', 'TP-N24', Rev: 1, Len: 68 -> FPDT.aml
20:852  0:018    30. 7FF3A000: 'UEFI', 'TP-N24', Rev: 1, Len: 318 -> UEFI.aml
20:871  0:018    31. 7FFA3000: 'BGRT', 'TP-N24', Rev: 1, Len: 56 -> BGRT.aml
20:890  0:018    Tables in Rsdt: 32
20:890  0:000    0. 7FFE1000: 'FACP', 'TP-N24', Rev: 5, Len: 244
20:890  0:000        (Dsdt: 7FFBA000, Facs: 7FF3D000, XDsdt: 7FFBA000, XFacs: 0)
20:890  0:000        7FFBA000: 'DSDT', 'SKL', Rev: 2, Len: 139352
20:894  0:003        7FF3D000: 'FACS', Ver: 2, Len: 64
20:894  0:000    1. 7FFE9000: 'SSDT', 'DptfTabl', Rev: 2, Len: 78529
20:894  0:000    2. 7FFE8000: 'SSDT', 'Tpm2Tabl', Rev: 2, Len: 987
20:894  0:000    3. 7FFE7000: 'TPM2', 'TP-N24', Rev: 3, Len: 52
20:894  0:000    4. 7FF53000: 'UEFI', 'TP-N24', Rev: 1, Len: 66
20:894  0:000    5. 7FFE3000: 'SSDT', 'SaSsdt', Rev: 2, Len: 12451
20:894  0:000    6. 7FFE2000: 'SSDT', 'PerfTune', Rev: 2, Len: 1478
20:894  0:000    7. 7FFE0000: 'HPET', 'TP-N24', Rev: 1, Len: 56
20:894  0:000    8. 7FFDF000: 'APIC', 'TP-N24', Rev: 3, Len: 300
20:894  0:000    9. 7FFDE000: 'MCFG', 'TP-N24', Rev: 1, Len: 60
20:894  0:000    10. 7FFDD000: 'ECDT', 'TP-N24', Rev: 1, Len: 83
20:894  0:000    11. 7FFB8000: 'SSDT', 'RVP7Rtd3', Rev: 2, Len: 7324
20:894  0:000    12. 7FFB7000: 'SSDT', 'Rmv_Batt', Rev: 1, Len: 540
20:894  0:000    13. 7FFB5000: 'SSDT', 'ProjSsdt', Rev: 2, Len: 5692
20:894  0:000    14. 7FFB4000: 'BOOT', 'TP-N24', Rev: 1, Len: 40
20:894  0:000    15. 7FFB3000: 'BATB', 'TP-N24', Rev: 2, Len: 74
20:894  0:000    16. 7FFB1000: 'SSDT', 'CpuSsdt', Rev: 2, Len: 6062
20:894  0:000    17. 7FFB0000: 'SSDT', 'CtdpB', Rev: 2, Len: 1389
20:894  0:000    18. 7FFAF000: 'SSDT', 'UsbCTabl', Rev: 2, Len: 1656
20:894  0:000    19. 7FFAE000: 'LPIT', 'TP-N24', Rev: 1, Len: 148
20:894  0:000    20. 7FFAD000: 'WSMT', 'TP-N24', Rev: 1, Len: 40
20:894  0:000    21. 7FFFD000: 'SSDT', 'HdaDsp', Rev: 2, Len: 472
20:894  0:000    22. 7FFAB000: 'SSDT', 'TbtTypeC', Rev: 2, Len: 1276
20:894  0:000    23. 7FFAA000: 'SSDT', 'Wwan', Rev: 2, Len: 721
20:894  0:000    24. 7FFA9000: 'DBGP', 'TP-N24', Rev: 1, Len: 52
20:894  0:000    25. 7FFA8000: 'DBG2', 'TP-N24', Rev: 0, Len: 84
20:894  0:000    26. 7FFA7000: 'MSDM', 'TP-N24', Rev: 3, Len: 85
20:894  0:000    27. 7FFA6000: 'DMAR', 'TP-N24', Rev: 1, Len: 204
20:894  0:000    28. 7FFA5000: 'ASF!', 'TP-N24', Rev: 32, Len: 160
20:894  0:000    29. 7FFA4000: 'FPDT', 'TP-N24', Rev: 1, Len: 68
20:894  0:000    30. 7FF3A000: 'UEFI', 'TP-N24', Rev: 1, Len: 318
20:894  0:000    31. 7FFA3000: 'BGRT', 'TP-N24', Rev: 1, Len: 56
20:894  0:000  Found UEFI Acpi 1.0 RSDP at 7FFFE000
20:894  0:000  Printing ACPI tables from RSDP 7FFFE000 ...
20:894  0:000   7FFFE000: 'RSD PTR ', Rev: 0 (Acpi 1.0), Len: 20
20:894  0:000    (Rsdt: 7FFAC000)
20:894  0:000    7FFAC000: 'RSDT', 'TP-N24', Rev: 1, Len: 164
20:894  0:000    Tables in Rsdt: 32
20:894  0:000    0. 7FFE1000: 'FACP', 'TP-N24', Rev: 5, Len: 244
20:894  0:000        (Dsdt: 7FFBA000, Facs: 7FF3D000, XDsdt: 7FFBA000, XFacs: 0)
20:894  0:000        7FFBA000: 'DSDT', 'SKL', Rev: 2, Len: 139352
20:898  0:003        7FF3D000: 'FACS', Ver: 2, Len: 64
20:898  0:000    1. 7FFE9000: 'SSDT', 'DptfTabl', Rev: 2, Len: 78529
20:898  0:000    2. 7FFE8000: 'SSDT', 'Tpm2Tabl', Rev: 2, Len: 987
20:898  0:000    3. 7FFE7000: 'TPM2', 'TP-N24', Rev: 3, Len: 52
20:898  0:000    4. 7FF53000: 'UEFI', 'TP-N24', Rev: 1, Len: 66
20:898  0:000    5. 7FFE3000: 'SSDT', 'SaSsdt', Rev: 2, Len: 12451
20:898  0:000    6. 7FFE2000: 'SSDT', 'PerfTune', Rev: 2, Len: 1478
20:898  0:000    7. 7FFE0000: 'HPET', 'TP-N24', Rev: 1, Len: 56
20:898  0:000    8. 7FFDF000: 'APIC', 'TP-N24', Rev: 3, Len: 300
20:898  0:000    9. 7FFDE000: 'MCFG', 'TP-N24', Rev: 1, Len: 60
20:898  0:000    10. 7FFDD000: 'ECDT', 'TP-N24', Rev: 1, Len: 83
20:898  0:000    11. 7FFB8000: 'SSDT', 'RVP7Rtd3', Rev: 2, Len: 7324
20:898  0:000    12. 7FFB7000: 'SSDT', 'Rmv_Batt', Rev: 1, Len: 540
20:898  0:000    13. 7FFB5000: 'SSDT', 'ProjSsdt', Rev: 2, Len: 5692
20:898  0:000    14. 7FFB4000: 'BOOT', 'TP-N24', Rev: 1, Len: 40
20:898  0:000    15. 7FFB3000: 'BATB', 'TP-N24', Rev: 2, Len: 74
20:898  0:000    16. 7FFB1000: 'SSDT', 'CpuSsdt', Rev: 2, Len: 6062
20:898  0:000    17. 7FFB0000: 'SSDT', 'CtdpB', Rev: 2, Len: 1389
20:898  0:000    18. 7FFAF000: 'SSDT', 'UsbCTabl', Rev: 2, Len: 1656
20:898  0:000    19. 7FFAE000: 'LPIT', 'TP-N24', Rev: 1, Len: 148
20:898  0:000    20. 7FFAD000: 'WSMT', 'TP-N24', Rev: 1, Len: 40
20:898  0:000    21. 7FFFD000: 'SSDT', 'HdaDsp', Rev: 2, Len: 472
20:898  0:000    22. 7FFAB000: 'SSDT', 'TbtTypeC', Rev: 2, Len: 1276
20:898  0:000    23. 7FFAA000: 'SSDT', 'Wwan', Rev: 2, Len: 721
20:898  0:000    24. 7FFA9000: 'DBGP', 'TP-N24', Rev: 1, Len: 52
20:898  0:000    25. 7FFA8000: 'DBG2', 'TP-N24', Rev: 0, Len: 84
20:898  0:000    26. 7FFA7000: 'MSDM', 'TP-N24', Rev: 3, Len: 85
20:898  0:000    27. 7FFA6000: 'DMAR', 'TP-N24', Rev: 1, Len: 204
20:898  0:000    28. 7FFA5000: 'ASF!', 'TP-N24', Rev: 32, Len: 160
20:898  0:000    29. 7FFA4000: 'FPDT', 'TP-N24', Rev: 1, Len: 68
20:898  0:000    30. 7FF3A000: 'UEFI', 'TP-N24', Rev: 1, Len: 318
20:898  0:000    31. 7FFA3000: 'BGRT', 'TP-N24', Rev: 1, Len: 56
45:094  24:196  BootVariable of the entry is empty
45:094  0:000  === [ StartLoader ] =======================================
45:094  0:000  Finally: ExternalClock=26MHz BusSpeed=100030kHz CPUFreq=1801MHz PIS: hw.busfrequency=104000000Hz
45:094  0:000  Loading boot.efi  status=Success
45:541  0:446  GetOSVersion: 10.14 (18A391)
45:541  0:000  CSR_CFG: CSR_ALLOW_UNTRUSTED_KEXTS | CSR_ALLOW_UNRESTRICTED_FS | CSR_ALLOW_TASK_FOR_PID | CSR_ALLOW_UNRESTRICTED_DTRACE | CSR_ALLOW_UNRESTRICTED_NVRAM
45:541  0:000  Will not patch boot.efi
45:541  0:000  === [ PatchSmbios ] =======================================
45:541  0:000  insert table 9 for dev 1F:6
45:541  0:000  insert table 9 for dev 0:0
45:543  0:001  Trusting SMBIOS...
45:543  0:000  Channels: 1
45:543  0:000  Interleave: 0 1 2 3 4 5 6 7 8 9 10 11 12 13 14 15 16 17 18 19 20 21 22 23
45:543  0:000   partNum=RMSA3260MH78HAF-2666
45:543  0:000  SMBIOS Type 17 Index = 0 => 0 0:
45:543  0:000  BANK 0 DIMM0 2666MHz 8192MB
45:543  0:000   partNum=RMSA3260MH78HAF-2666
45:543  0:000  SMBIOS Type 17 Index = 1 => 1 1:
45:543  0:000  BANK 0 DIMM1 2666MHz 8192MB
45:543  0:000  mTotalSystemMemory = 16384
45:543  0:000  NumberOfMemoryDevices = 2
45:543  0:000  Table 131 is present, CPUType=31
45:543  0:000  Change to: 0
45:543  0:000  Table 133 is present, PlatformFeature=4F484B01
45:543  0:000  Change to: 1A
45:543  0:000  === [ PatchACPI ] =========================================
45:543  0:000  Xsdt reallocation done
45:543  0:000  old FADT length=F4
45:543  0:000   SignatureFixup: 0x35C8 -> 0x0
45:634  0:090  DSDT found in Clover volume OEM folder: EFI\CLOVER\ACPI\patched\DSDT.aml
45:650  0:016  Apply DsdtFixMask=0x00020050
45:650  0:000     drop _DSM mask=0xFFFF
45:650  0:000  === [ FixBiosDsdt ] =======================================
45:651  0:000  VideoCard devID=0x59178086
45:651  0:000  DisplayADR1[0] = 0x20000, DisplayADR2[0] = 0xFFFE
45:651  0:000  USBADR[0] = 0x140000 and PCIe = 0xFFFE
45:651  0:000  Found Airport BCM at 0x1C0006, 0x0
45:651  0:000  USBADR[1] = 0x1D0000 and PCIe = 0x0
45:651  0:000  Patching DSDT:
45:651  0:000   - [Method GBIF To XXX0]: pattern 14481647, bin not found / already patched!
45:651  0:000   - [Method GBIX To XXX1]: pattern 14451747, bin not found / already patched!
45:652  0:000   - [Method GBST To XXX2]: pattern 144A2047, bin not found / already patched!
45:652  0:000   - [Method AJTP To XXX3]: pattern 144B0641, bin not found / already patched!
45:653  0:000   - [Method OWAK To XXX4]: pattern 1440624F, bin not found / already patched!
45:653  0:000   - [Method _L17 To XXX5]: pattern 1449085F, bin not found / already patched!
45:653  0:000   - [Notify BAT0 To BATC]: pattern 86424154, bin not found / already patched!
45:654  0:000   - [Notify BAT1 To BATC]: pattern 86424154, bin not found / already patched!
45:654  0:000   - [Method _PRW 0x04 To 0x00]: pattern 140F5F50, bin not found / already patched!
45:655  0:000   - [Name (XHC) _DSM To XDSM]: pattern 0858464C, bin not found / already patched!
45:655  0:000   - [Name (XHC) _PRW To XPRW]: pattern 085F5052, bin not found / already patched!
45:655  0:000   - [Method _PTS To XPTS]: pattern 144D185F, bin not found / already patched!
45:656  0:000   - [Method _WAK To XWAK]: pattern 1447535F, bin not found / already patched!
45:656  0:000   - [Rename _OSI To XOSI]: pattern 5F4F5349, bin not found / already patched!
45:657  0:000   - [Rename _Q15 To XQ15 (Fn F5)]: pattern 5F513135, bin not found / already patched!
45:657  0:000   - [Rename _Q14 To XQ14 (Fn F6)]: pattern 5F513134, bin not found / already patched!
45:657  0:000   - [Rename GFX0 To IGPU]: pattern 47465830, bin not found / already patched!
45:658  0:000   - [Rename HECI To IMEI]: pattern 48454349, bin not found / already patched!
45:658  0:000    0 replacements
45:658  0:000  first CPU found at 16EF8 offset 16EFB
45:658  0:000  score candidate at 16EF4
45:658  0:000  score inserted in acpi_cpu_score _PR_
45:658  0:000  Found ACPI CPU: PR00 | PR01 | PR02 | PR03 | PR04 | PR05 | PR06 | PR07 | PR08 | PR09 | PR10 | PR11 | PR12 | PR13 | PR14 | PR15 , within the score: _PR_
45:659  0:000  Start RTC Fix
45:660  0:000  Start PIC Fix
45:660  0:000  PIC size=A2 at 123C2
45:660  0:000  found CRS at 123D6 size 8A
45:660  0:000  Start HPET Fix
45:662  0:001  PreCleanup XSDT: count=32, length=292
45:662  0:000  PreCleanup XSDT, corrected XSDT: count=32, length=292
45:662  0:000  === [ ACPIDropTables ] ====================================
45:662  0:000  Drop tables from XSDT, SIGN=DMAR TableID=TP-N24   Length=204
45:662  0:000   Table[27]: DMAR  TP-N24    204 dropped
45:662  0:000  0. [Method GBIF To XXX0]: pattern 14481647, bin not found / already patched!
45:662  0:000  1. [Method GBIX To XXX1]: pattern 14451747, bin not found / already patched!
45:663  0:000  2. [Method GBST To XXX2]: pattern 144A2047, bin not found / already patched!
45:663  0:000  3. [Method AJTP To XXX3]: pattern 144B0641, bin not found / already patched!
45:663  0:000  4. [Method OWAK To XXX4]: pattern 1440624F, bin not found / already patched!
45:663  0:000  5. [Method _L17 To XXX5]: pattern 1449085F, bin not found / already patched!
45:663  0:000  6. [Notify BAT0 To BATC]: pattern 86424154, bin not found / already patched!
45:664  0:000  7. [Notify BAT1 To BATC]: pattern 86424154, bin not found / already patched!
45:664  0:000  8. [Method _PRW 0x04 To 0x00]: pattern 140F5F50, bin not found / already patched!
45:664  0:000  9. [Name (XHC) _DSM To XDSM]: pattern 0858464C, bin not found / already patched!
45:665  0:000  10. [Name (XHC) _PRW To XPRW]: pattern 085F5052, bin not found / already patched!
45:665  0:000  11. [Method _PTS To XPTS]: pattern 144D185F, bin not found / already patched!
45:665  0:000  12. [Method _WAK To XWAK]: pattern 1447535F, bin not found / already patched!
45:665  0:000  13. [Rename _OSI To XOSI]: pattern 5F4F5349, bin not found / already patched!
45:665  0:000  14. [Rename _Q15 To XQ15 (Fn F5)]: pattern 5F513135, bin not found / already patched!
45:666  0:000  15. [Rename _Q14 To XQ14 (Fn F6)]: pattern 5F513134, bin not found / already patched!
45:666  0:000  16. [Rename GFX0 To IGPU]: pattern 47465830, bin not found / already patched!
45:666  0:000  17. [Rename HECI To IMEI]: pattern 48454349, bin not found / already patched!
45:666  0:000    0 replacements
45:667  0:000  0. [Method GBIF To XXX0]: pattern 14481647, bin not found / already patched!
45:667  0:000  1. [Method GBIX To XXX1]: pattern 14451747, bin not found / already patched!
45:667  0:000  2. [Method GBST To XXX2]: pattern 144A2047, bin not found / already patched!
45:667  0:000  3. [Method AJTP To XXX3]: pattern 144B0641, bin not found / already patched!
45:667  0:000  4. [Method OWAK To XXX4]: pattern 1440624F, bin not found / already patched!
45:667  0:000  5. [Method _L17 To XXX5]: pattern 1449085F, bin not found / already patched!
45:667  0:000  6. [Notify BAT0 To BATC]: pattern 86424154, bin not found / already patched!
45:667  0:000  7. [Notify BAT1 To BATC]: pattern 86424154, bin not found / already patched!
45:667  0:000  8. [Method _PRW 0x04 To 0x00]: pattern 140F5F50, bin not found / already patched!
45:667  0:000  9. [Name (XHC) _DSM To XDSM]: pattern 0858464C, bin not found / already patched!
45:667  0:000  10. [Name (XHC) _PRW To XPRW]: pattern 085F5052, bin not found / already patched!
45:667  0:000  11. [Method _PTS To XPTS]: pattern 144D185F, bin not found / already patched!
45:667  0:000  12. [Method _WAK To XWAK]: pattern 1447535F, bin not found / already patched!
45:667  0:000  13. [Rename _OSI To XOSI]: pattern 5F4F5349, bin not found / already patched!
45:667  0:000  14. [Rename _Q15 To XQ15 (Fn F5)]: pattern 5F513135, bin not found / already patched!
45:667  0:000  15. [Rename _Q14 To XQ14 (Fn F6)]: pattern 5F513134, bin not found / already patched!
45:667  0:000  16. [Rename GFX0 To IGPU]: pattern 47465830, bin not found / already patched!
45:667  0:000  17. [Rename HECI To IMEI]: pattern 48454349, bin not found / already patched!
45:667  0:000    0 replacements
45:667  0:000  Found OperationRegion(TPMR, SystemMemory, FED40000, ...)
45:667  0:000  Found OperationRegion(TNVS, SystemMemory, 7FF55000, ...)
45:667  0:000  0. [Method GBIF To XXX0]: pattern 14481647, bin not found / already patched!
45:667  0:000  1. [Method GBIX To XXX1]: pattern 14451747, bin not found / already patched!
45:667  0:000  2. [Method GBST To XXX2]: pattern 144A2047, bin not found / already patched!
45:667  0:000  3. [Method AJTP To XXX3]: pattern 144B0641, bin not found / already patched!
45:667  0:000  4. [Method OWAK To XXX4]: pattern 1440624F, bin not found / already patched!
45:667  0:000  5. [Method _L17 To XXX5]: pattern 1449085F, bin not found / already patched!
45:667  0:000  6. [Notify BAT0 To BATC]: pattern 86424154, bin not found / already patched!
45:667  0:000  7. [Notify BAT1 To BATC]: pattern 86424154, bin not found / already patched!
45:667  0:000  8. [Method _PRW 0x04 To 0x00]: pattern 140F5F50, bin not found / already patched!
45:667  0:000  9. [Name (XHC) _DSM To XDSM]: pattern 0858464C, bin not found / already patched!
45:667  0:000  10. [Name (XHC) _PRW To XPRW]: pattern 085F5052, bin not found / already patched!
45:667  0:000  11. [Method _PTS To XPTS]: pattern 144D185F, bin not found / already patched!
45:667  0:000  12. [Method _WAK To XWAK]: pattern 1447535F, bin not found / already patched!
45:667  0:000  13. [Rename _OSI To XOSI]: pattern 5F4F5349, bin not found / already patched!
45:667  0:000  14. [Rename _Q15 To XQ15 (Fn F5)]: pattern 5F513135, bin not found / already patched!
45:668  0:000  15. [Rename _Q14 To XQ14 (Fn F6)]: pattern 5F513134, bin not found / already patched!
45:668  0:000  16. [Rename GFX0 To IGPU]: pattern 47465830, patched at: [ (2D) (E) (94) (26B) (1CC6) (AEE) (1D) (53F) ]
45:668  0:000  17. [Rename HECI To IMEI]: pattern 48454349, bin not found / already patched!
45:668  0:000    0 replacements
45:668  0:000  Found OperationRegion(SANV, SystemMemory, 7FF5F418, ...)
45:668  0:000  0. [Method GBIF To XXX0]: pattern 14481647, bin not found / already patched!
45:668  0:000  1. [Method GBIX To XXX1]: pattern 14451747, bin not found / already patched!
45:668  0:000  2. [Method GBST To XXX2]: pattern 144A2047, bin not found / already patched!
45:668  0:000  3. [Method AJTP To XXX3]: pattern 144B0641, bin not found / already patched!
45:668  0:000  4. [Method OWAK To XXX4]: pattern 1440624F, bin not found / already patched!
45:668  0:000  5. [Method _L17 To XXX5]: pattern 1449085F, bin not found / already patched!
45:668  0:000  6. [Notify BAT0 To BATC]: pattern 86424154, bin not found / already patched!
45:668  0:000  7. [Notify BAT1 To BATC]: pattern 86424154, bin not found / already patched!
45:668  0:000  8. [Method _PRW 0x04 To 0x00]: pattern 140F5F50, bin not found / already patched!
45:668  0:000  9. [Name (XHC) _DSM To XDSM]: pattern 0858464C, bin not found / already patched!
45:668  0:000  10. [Name (XHC) _PRW To XPRW]: pattern 085F5052, bin not found / already patched!
45:668  0:000  11. [Method _PTS To XPTS]: pattern 144D185F, bin not found / already patched!
45:668  0:000  12. [Method _WAK To XWAK]: pattern 1447535F, bin not found / already patched!
45:668  0:000  13. [Rename _OSI To XOSI]: pattern 5F4F5349, bin not found / already patched!
45:668  0:000  14. [Rename _Q15 To XQ15 (Fn F5)]: pattern 5F513135, bin not found / already patched!
45:668  0:000  15. [Rename _Q14 To XQ14 (Fn F6)]: pattern 5F513134, bin not found / already patched!
45:668  0:000  16. [Rename GFX0 To IGPU]: pattern 47465830, bin not found / already patched!
45:668  0:000  17. [Rename HECI To IMEI]: pattern 48454349, bin not found / already patched!
45:668  0:000    0 replacements
45:668  0:000  0. [Method GBIF To XXX0]: pattern 14481647, bin not found / already patched!
45:668  0:000  1. [Method GBIX To XXX1]: pattern 14451747, bin not found / already patched!
45:668  0:000  2. [Method GBST To XXX2]: pattern 144A2047, bin not found / already patched!
45:668  0:000  3. [Method AJTP To XXX3]: pattern 144B0641, bin not found / already patched!
45:668  0:000  4. [Method OWAK To XXX4]: pattern 1440624F, bin not found / already patched!
45:668  0:000  5. [Method _L17 To XXX5]: pattern 1449085F, bin not found / already patched!
45:668  0:000  6. [Notify BAT0 To BATC]: pattern 86424154, bin not found / already patched!
45:668  0:000  7. [Notify BAT1 To BATC]: pattern 86424154, bin not found / already patched!
45:668  0:000  8. [Method _PRW 0x04 To 0x00]: pattern 140F5F50, bin not found / already patched!
45:668  0:000  9. [Name (XHC) _DSM To XDSM]: pattern 0858464C, bin not found / already patched!
45:668  0:000  10. [Name (XHC) _PRW To XPRW]: pattern 085F5052, bin not found / already patched!
45:668  0:000  11. [Method _PTS To XPTS]: pattern 144D185F, bin not found / already patched!
45:668  0:000  12. [Method _WAK To XWAK]: pattern 1447535F, bin not found / already patched!
45:668  0:000  13. [Rename _OSI To XOSI]: pattern 5F4F5349, bin not found / already patched!
45:668  0:000  14. [Rename _Q15 To XQ15 (Fn F5)]: pattern 5F513135, bin not found / already patched!
45:668  0:000  15. [Rename _Q14 To XQ14 (Fn F6)]: pattern 5F513134, bin not found / already patched!
45:668  0:000  16. [Rename GFX0 To IGPU]: pattern 47465830, bin not found / already patched!
45:668  0:000  17. [Rename HECI To IMEI]: pattern 48454349, bin not found / already patched!
45:668  0:000    0 replacements
45:668  0:000  0. [Method GBIF To XXX0]: pattern 14481647, bin not found / already patched!
45:668  0:000  1. [Method GBIX To XXX1]: pattern 14451747, bin not found / already patched!
45:668  0:000  2. [Method GBST To XXX2]: pattern 144A2047, bin not found / already patched!
45:668  0:000  3. [Method AJTP To XXX3]: pattern 144B0641, bin not found / already patched!
45:668  0:000  4. [Method OWAK To XXX4]: pattern 1440624F, bin not found / already patched!
45:668  0:000  5. [Method _L17 To XXX5]: pattern 1449085F, bin not found / already patched!
45:668  0:000  6. [Notify BAT0 To BATC]: pattern 86424154, bin not found / already patched!
45:668  0:000  7. [Notify BAT1 To BATC]: pattern 86424154, bin not found / already patched!
45:668  0:000  8. [Method _PRW 0x04 To 0x00]: pattern 140F5F50, bin not found / already patched!
45:668  0:000  9. [Name (XHC) _DSM To XDSM]: pattern 0858464C, bin not found / already patched!
45:668  0:000  10. [Name (XHC) _PRW To XPRW]: pattern 085F5052, bin not found / already patched!
45:668  0:000  11. [Method _PTS To XPTS]: pattern 144D185F, bin not found / already patched!
45:668  0:000  12. [Method _WAK To XWAK]: pattern 1447535F, bin not found / already patched!
45:668  0:000  13. [Rename _OSI To XOSI]: pattern 5F4F5349, bin not found / already patched!
45:669  0:000  14. [Rename _Q15 To XQ15 (Fn F5)]: pattern 5F513135, bin not found / already patched!
45:669  0:000  15. [Rename _Q14 To XQ14 (Fn F6)]: pattern 5F513134, bin not found / already patched!
45:669  0:000  16. [Rename GFX0 To IGPU]: pattern 47465830, bin not found / already patched!
45:669  0:000  17. [Rename HECI To IMEI]: pattern 48454349, bin not found / already patched!
45:669  0:000    0 replacements
45:669  0:000  0. [Method GBIF To XXX0]: pattern 14481647, bin not found / already patched!
45:669  0:000  1. [Method GBIX To XXX1]: pattern 14451747, bin not found / already patched!
45:669  0:000  2. [Method GBST To XXX2]: pattern 144A2047, bin not found / already patched!
45:669  0:000  3. [Method AJTP To XXX3]: pattern 144B0641, bin not found / already patched!
45:669  0:000  4. [Method OWAK To XXX4]: pattern 1440624F, bin not found / already patched!
45:669  0:000  5. [Method _L17 To XXX5]: pattern 1449085F, bin not found / already patched!
45:669  0:000  6. [Notify BAT0 To BATC]: pattern 86424154, bin not found / already patched!
45:669  0:000  7. [Notify BAT1 To BATC]: pattern 86424154, bin not found / already patched!
45:669  0:000  8. [Method _PRW 0x04 To 0x00]: pattern 140F5F50, bin not found / already patched!
45:669  0:000  9. [Name (XHC) _DSM To XDSM]: pattern 0858464C, bin not found / already patched!
45:669  0:000  10. [Name (XHC) _PRW To XPRW]: pattern 085F5052, bin not found / already patched!
45:669  0:000  11. [Method _PTS To XPTS]: pattern 144D185F, bin not found / already patched!
45:669  0:000  12. [Method _WAK To XWAK]: pattern 1447535F, bin not found / already patched!
45:669  0:000  13. [Rename _OSI To XOSI]: pattern 5F4F5349, bin not found / already patched!
45:669  0:000  14. [Rename _Q15 To XQ15 (Fn F5)]: pattern 5F513135, bin not found / already patched!
45:669  0:000  15. [Rename _Q14 To XQ14 (Fn F6)]: pattern 5F513134, bin not found / already patched!
45:669  0:000  16. [Rename GFX0 To IGPU]: pattern 47465830, bin not found / already patched!
45:669  0:000  17. [Rename HECI To IMEI]: pattern 48454349, bin not found / already patched!
45:669  0:000    0 replacements
45:669  0:000  0. [Method GBIF To XXX0]: pattern 14481647, bin not found / already patched!
45:669  0:000  1. [Method GBIX To XXX1]: pattern 14451747, bin not found / already patched!
45:669  0:000  2. [Method GBST To XXX2]: pattern 144A2047, bin not found / already patched!
45:669  0:000  3. [Method AJTP To XXX3]: pattern 144B0641, bin not found / already patched!
45:669  0:000  4. [Method OWAK To XXX4]: pattern 1440624F, bin not found / already patched!
45:669  0:000  5. [Method _L17 To XXX5]: pattern 1449085F, bin not found / already patched!
45:669  0:000  6. [Notify BAT0 To BATC]: pattern 86424154, bin not found / already patched!
45:669  0:000  7. [Notify BAT1 To BATC]: pattern 86424154, bin not found / already patched!
45:669  0:000  8. [Method _PRW 0x04 To 0x00]: pattern 140F5F50, bin not found / already patched!
45:669  0:000  9. [Name (XHC) _DSM To XDSM]: pattern 0858464C, bin not found / already patched!
45:669  0:000  10. [Name (XHC) _PRW To XPRW]: pattern 085F5052, bin not found / already patched!
45:669  0:000  11. [Method _PTS To XPTS]: pattern 144D185F, bin not found / already patched!
45:669  0:000  12. [Method _WAK To XWAK]: pattern 1447535F, bin not found / already patched!
45:669  0:000  13. [Rename _OSI To XOSI]: pattern 5F4F5349, bin not found / already patched!
45:669  0:000  14. [Rename _Q15 To XQ15 (Fn F5)]: pattern 5F513135, bin not found / already patched!
45:669  0:000  15. [Rename _Q14 To XQ14 (Fn F6)]: pattern 5F513134, bin not found / already patched!
45:669  0:000  16. [Rename GFX0 To IGPU]: pattern 47465830, bin not found / already patched!
45:669  0:000  17. [Rename HECI To IMEI]: pattern 48454349, bin not found / already patched!
45:669  0:000    0 replacements
45:669  0:000  Found OperationRegion(PNVS, SystemMemory, 6EF8E000, ...)
45:669  0:000  0. [Method GBIF To XXX0]: pattern 14481647, bin not found / already patched!
45:669  0:000  1. [Method GBIX To XXX1]: pattern 14451747, bin not found / already patched!
45:669  0:000  2. [Method GBST To XXX2]: pattern 144A2047, bin not found / already patched!
45:669  0:000  3. [Method AJTP To XXX3]: pattern 144B0641, bin not found / already patched!
45:669  0:000  4. [Method OWAK To XXX4]: pattern 1440624F, bin not found / already patched!
45:669  0:000  5. [Method _L17 To XXX5]: pattern 1449085F, bin not found / already patched!
45:669  0:000  6. [Notify BAT0 To BATC]: pattern 86424154, bin not found / already patched!
45:669  0:000  7. [Notify BAT1 To BATC]: pattern 86424154, bin not found / already patched!
45:669  0:000  8. [Method _PRW 0x04 To 0x00]: pattern 140F5F50, bin not found / already patched!
45:669  0:000  9. [Name (XHC) _DSM To XDSM]: pattern 0858464C, bin not found / already patched!
45:669  0:000  10. [Name (XHC) _PRW To XPRW]: pattern 085F5052, bin not found / already patched!
45:669  0:000  11. [Method _PTS To XPTS]: pattern 144D185F, bin not found / already patched!
45:669  0:000  12. [Method _WAK To XWAK]: pattern 1447535F, bin not found / already patched!
45:669  0:000  13. [Rename _OSI To XOSI]: pattern 5F4F5349, bin not found / already patched!
45:669  0:000  14. [Rename _Q15 To XQ15 (Fn F5)]: pattern 5F513135, bin not found / already patched!
45:669  0:000  15. [Rename _Q14 To XQ14 (Fn F6)]: pattern 5F513134, bin not found / already patched!
45:670  0:000  16. [Rename GFX0 To IGPU]: pattern 47465830, bin not found / already patched!
45:670  0:000  17. [Rename HECI To IMEI]: pattern 48454349, bin not found / already patched!
45:670  0:000    0 replacements
45:670  0:000  Found OperationRegion(MBAR, SystemMemory, FED15000, ...)
45:670  0:000  0. [Method GBIF To XXX0]: pattern 14481647, bin not found / already patched!
45:670  0:000  1. [Method GBIX To XXX1]: pattern 14451747, bin not found / already patched!
45:670  0:000  2. [Method GBST To XXX2]: pattern 144A2047, bin not found / already patched!
45:670  0:000  3. [Method AJTP To XXX3]: pattern 144B0641, bin not found / already patched!
45:670  0:000  4. [Method OWAK To XXX4]: pattern 1440624F, bin not found / already patched!
45:670  0:000  5. [Method _L17 To XXX5]: pattern 1449085F, bin not found / already patched!
45:670  0:000  6. [Notify BAT0 To BATC]: pattern 86424154, bin not found / already patched!
45:670  0:000  7. [Notify BAT1 To BATC]: pattern 86424154, bin not found / already patched!
45:670  0:000  8. [Method _PRW 0x04 To 0x00]: pattern 140F5F50, bin not found / already patched!
45:670  0:000  9. [Name (XHC) _DSM To XDSM]: pattern 0858464C, bin not found / already patched!
45:670  0:000  10. [Name (XHC) _PRW To XPRW]: pattern 085F5052, bin not found / already patched!
45:670  0:000  11. [Method _PTS To XPTS]: pattern 144D185F, bin not found / already patched!
45:670  0:000  12. [Method _WAK To XWAK]: pattern 1447535F, bin not found / already patched!
45:670  0:000  13. [Rename _OSI To XOSI]: pattern 5F4F5349, bin not found / already patched!
45:670  0:000  14. [Rename _Q15 To XQ15 (Fn F5)]: pattern 5F513135, bin not found / already patched!
45:670  0:000  15. [Rename _Q14 To XQ14 (Fn F6)]: pattern 5F513134, bin not found / already patched!
45:670  0:000  16. [Rename GFX0 To IGPU]: pattern 47465830, bin not found / already patched!
45:670  0:000  17. [Rename HECI To IMEI]: pattern 48454349, bin not found / already patched!
45:670  0:000    0 replacements
45:670  0:000  0. [Method GBIF To XXX0]: pattern 14481647, bin not found / already patched!
45:670  0:000  1. [Method GBIX To XXX1]: pattern 14451747, bin not found / already patched!
45:670  0:000  2. [Method GBST To XXX2]: pattern 144A2047, bin not found / already patched!
45:670  0:000  3. [Method AJTP To XXX3]: pattern 144B0641, bin not found / already patched!
45:670  0:000  4. [Method OWAK To XXX4]: pattern 1440624F, bin not found / already patched!
45:670  0:000  5. [Method _L17 To XXX5]: pattern 1449085F, bin not found / already patched!
45:670  0:000  6. [Notify BAT0 To BATC]: pattern 86424154, bin not found / already patched!
45:670  0:000  7. [Notify BAT1 To BATC]: pattern 86424154, bin not found / already patched!
45:670  0:000  8. [Method _PRW 0x04 To 0x00]: pattern 140F5F50, bin not found / already patched!
45:670  0:000  9. [Name (XHC) _DSM To XDSM]: pattern 0858464C, bin not found / already patched!
45:670  0:000  10. [Name (XHC) _PRW To XPRW]: pattern 085F5052, bin not found / already patched!
45:670  0:000  11. [Method _PTS To XPTS]: pattern 144D185F, bin not found / already patched!
45:670  0:000  12. [Method _WAK To XWAK]: pattern 1447535F, bin not found / already patched!
45:670  0:000  13. [Rename _OSI To XOSI]: pattern 5F4F5349, bin not found / already patched!
45:670  0:000  14. [Rename _Q15 To XQ15 (Fn F5)]: pattern 5F513135, bin not found / already patched!
45:670  0:000  15. [Rename _Q14 To XQ14 (Fn F6)]: pattern 5F513134, bin not found / already patched!
45:670  0:000  16. [Rename GFX0 To IGPU]: pattern 47465830, bin not found / already patched!
45:670  0:000  17. [Rename HECI To IMEI]: pattern 48454349, bin not found / already patched!
45:670  0:000    0 replacements
45:670  0:000  0. [Method GBIF To XXX0]: pattern 14481647, bin not found / already patched!
45:670  0:000  1. [Method GBIX To XXX1]: pattern 14451747, bin not found / already patched!
45:670  0:000  2. [Method GBST To XXX2]: pattern 144A2047, bin not found / already patched!
45:670  0:000  3. [Method AJTP To XXX3]: pattern 144B0641, bin not found / already patched!
45:670  0:000  4. [Method OWAK To XXX4]: pattern 1440624F, bin not found / already patched!
45:670  0:000  5. [Method _L17 To XXX5]: pattern 1449085F, bin not found / already patched!
45:670  0:000  6. [Notify BAT0 To BATC]: pattern 86424154, bin not found / already patched!
45:670  0:000  7. [Notify BAT1 To BATC]: pattern 86424154, bin not found / already patched!
45:670  0:000  8. [Method _PRW 0x04 To 0x00]: pattern 140F5F50, bin not found / already patched!
45:670  0:000  9. [Name (XHC) _DSM To XDSM]: pattern 0858464C, bin not found / already patched!
45:670  0:000  10. [Name (XHC) _PRW To XPRW]: pattern 085F5052, bin not found / already patched!
45:670  0:000  11. [Method _PTS To XPTS]: pattern 144D185F, bin not found / already patched!
45:670  0:000  12. [Method _WAK To XWAK]: pattern 1447535F, bin not found / already patched!
45:670  0:000  13. [Rename _OSI To XOSI]: pattern 5F4F5349, bin not found / already patched!
45:670  0:000  14. [Rename _Q15 To XQ15 (Fn F5)]: pattern 5F513135, bin not found / already patched!
45:670  0:000  15. [Rename _Q14 To XQ14 (Fn F6)]: pattern 5F513134, bin not found / already patched!
45:670  0:000  16. [Rename GFX0 To IGPU]: pattern 47465830, bin not found / already patched!
45:670  0:000  17. [Rename HECI To IMEI]: pattern 48454349, bin not found / already patched!
45:670  0:000    0 replacements
45:670  0:000  0. [Method GBIF To XXX0]: pattern 14481647, bin not found / already patched!
45:670  0:000  1. [Method GBIX To XXX1]: pattern 14451747, bin not found / already patched!
45:670  0:000  2. [Method GBST To XXX2]: pattern 144A2047, bin not found / already patched!
45:670  0:000  3. [Method AJTP To XXX3]: pattern 144B0641, bin not found / already patched!
45:670  0:000  4. [Method OWAK To XXX4]: pattern 1440624F, bin not found / already patched!
45:670  0:000  5. [Method _L17 To XXX5]: pattern 1449085F, bin not found / already patched!
45:670  0:000  6. [Notify BAT0 To BATC]: pattern 86424154, bin not found / already patched!
45:670  0:000  7. [Notify BAT1 To BATC]: pattern 86424154, bin not found / already patched!
45:670  0:000  8. [Method _PRW 0x04 To 0x00]: pattern 140F5F50, bin not found / already patched!
45:670  0:000  9. [Name (XHC) _DSM To XDSM]: pattern 0858464C, bin not found / already patched!
45:670  0:000  10. [Name (XHC) _PRW To XPRW]: pattern 085F5052, bin not found / already patched!
45:670  0:000  11. [Method _PTS To XPTS]: pattern 144D185F, bin not found / already patched!
45:670  0:000  12. [Method _WAK To XWAK]: pattern 1447535F, bin not found / already patched!
45:670  0:000  13. [Rename _OSI To XOSI]: pattern 5F4F5349, bin not found / already patched!
45:670  0:000  14. [Rename _Q15 To XQ15 (Fn F5)]: pattern 5F513135, bin not found / already patched!
45:670  0:000  15. [Rename _Q14 To XQ14 (Fn F6)]: pattern 5F513134, bin not found / already patched!
45:670  0:000  16. [Rename GFX0 To IGPU]: pattern 47465830, bin not found / already patched!
45:670  0:000  17. [Rename HECI To IMEI]: pattern 48454349, bin not found / already patched!
45:670  0:000    0 replacements
45:670  0:000  === [ ACPIPatchedAML ] ====================================
45:670  0:000  Unsorted
45:670  0:000  Inserting SSDT_NVMe-Pcc.aml from EFI\CLOVER\ACPI\patched: size=134 ... Success
45:670  0:000  Inserting SSDT-XOSI.aml from EFI\CLOVER\ACPI\patched: size=181 ... Success
45:670  0:000  Inserting SSDT-XHC.aml from EFI\CLOVER\ACPI\patched: size=301 ... Success
45:670  0:000  Inserting SSDT-WAK.aml from EFI\CLOVER\ACPI\patched: size=95 ... Success
45:670  0:000  Inserting SSDT-UIAC.aml from EFI\CLOVER\ACPI\patched: size=462 ... Success
45:670  0:000  Inserting SSDT-PTS.aml from EFI\CLOVER\ACPI\patched: size=108 ... Success
45:670  0:000  Inserting SSDT-PNLF.aml from EFI\CLOVER\ACPI\patched: size=1094 ... Success
45:670  0:000  Inserting SSDT-NoHybGfx.aml from EFI\CLOVER\ACPI\patched: size=271 ... Success
45:670  0:000  Inserting SSDT-Clickpad.aml from EFI\CLOVER\ACPI\patched: size=626 ... Success
45:670  0:000  Inserting SSDT-BLKey.aml from EFI\CLOVER\ACPI\patched: size=266 ... Success
45:670  0:000  Inserting SSDT-BATC.aml from EFI\CLOVER\ACPI\patched: size=1303 ... Success
45:670  0:000  Inserting SSDT-BAT.aml from EFI\CLOVER\ACPI\patched: size=5093 ... Success
45:670  0:000  CPUBase=0 and ApicCPUBase=1 ApicCPUNum=16
45:670  0:000  Maximum control=0x12
45:670  0:000  Turbo control=0x22
45:670  0:000  P-States: min 0x4, max 0x22
45:671  0:000  SSDT with CPU P-States and plugin-type generated successfully
45:671  0:000  SSDT with CPU C-States generated successfully
45:671  0:000  Cleanup XSDT: count=46, length=404
45:671  0:000  corrected XSDT count=45, length=396
45:671  0:000  === [ RestSetup macOS ] ===================================
45:671  0:000  EdidDiscovered size=128
45:671  0:000  --- Discovered EDID Table size:128
45:671  0:000  000  |  00  FF  FF  FF  FF  FF  FF  00  06  AF
45:671  0:000  010  |  3D  24  00  00  00  00  00  1A  01  04
45:671  0:000  020  |  95  1F  11  78  02  A2  B5  91  57  58
45:671  0:000  030  |  94  28  1C  50  54  00  00  00  01  01
45:671  0:000  040  |  01  01  01  01  01  01  01  01  01  01
45:671  0:000  050  |  01  01  01  01  84  3A  80  34  71  38
45:671  0:000  060  |  28  40  30  64  31  00  35  AD  10  00
45:671  0:000  070  |  00  18  D0  2E  80  34  71  38  28  40
45:671  0:000  080  |  30  64  31  00  35  AD  10  00  00  18
45:671  0:000  090  |  00  00  00  FE  00  41  55  4F  0A  20
45:671  0:000  100  |  20  20  20  20  20  20  20  20  00  00
45:671  0:000  110  |  00  FE  00  42  31  34  30  48  41  4E
45:671  0:000  120  |  30  32  2E  34  20  0A  00  E4
45:671  0:000  add device: PciRoot(0x0)/Pci(0x2,0x0)
45:671  0:000     Add key=framebuffer-unifiedmem valuelen=4
45:671  0:000     Add key=framebuffer-stolenmem valuelen=4
45:671  0:000     Add key=framebuffer-patch-enable valuelen=4
45:671  0:000     Add key=framebuffer-fbmem valuelen=4
45:671  0:000     Add key=device-id valuelen=4
45:671  0:000  add device: PciRoot(0x0)/Pci(0x1F,0x3)
45:671  0:000     Add key=layout-id valuelen=4
45:671  0:000  Intel UHD Graphics 620 [8086:5917] :: PciRoot(0x0)\Pci(0x2,0x0)
45:671  0:000    Found Full HD Display - 16:9 :: Width=1920 Height=1080
45:671  0:000    Beginning DualLink auto-detection
45:671  0:000    High Resolution Display
45:671  0:000    AAPL00,DualLink = 1
45:671  0:000    FakeID Intel GFX: not set
45:671  0:000    ig-platform-id: not set
45:671  0:000    Beginning Intel GFX auto-detection with ACPI injection
45:671  0:000    Found FakeID Intel GFX = 0x59168086
45:671  0:000    Found ig-platform-id = 0x59160000
45:671  0:000  Intel GFX revision  = 0x7
45:671  0:000   RCBA disabled; cannot use it
45:671  0:000  stringlength = 1840
45:672  0:000  CurrentMode: Width=1920 Height=1080
45:672  0:000  Beginning FSInjection
45:672  0:000   - ERROR: gFSInjectProtocolGuid not found!
45:678  0:006  Use origin smbios table type 1 guid.
45:686  0:007  Preparing kexts injection for arch=x86_64 from EFI\CLOVER\kexts\Other
45:686  0:000  Extra kext: EFI\CLOVER\kexts\Other\WhateverGreen.kext (v.1.2.4)
45:698  0:011  Extra kext: EFI\CLOVER\kexts\Other\VoodooPS2Controller.kext (v.1.9.2)
45:709  0:011    |-- PlugIn kext: EFI\CLOVER\kexts\Other\VoodooPS2Controller.kext\Contents\PlugIns\VoodooPS2Trackpad.kext (v.1.9.2)
45:712  0:003    |-- PlugIn kext: EFI\CLOVER\kexts\Other\VoodooPS2Controller.kext\Contents\PlugIns\VoodooPS2Mouse.kext (v.1.9.2)
45:716  0:003    |-- PlugIn kext: EFI\CLOVER\kexts\Other\VoodooPS2Controller.kext\Contents\PlugIns\VoodooPS2Keyboard.kext (v.1.9.2)
45:719  0:003  Extra kext: EFI\CLOVER\kexts\Other\VoltageShift.kext (v.1.1)
45:722  0:002  Extra kext: EFI\CLOVER\kexts\Other\VirtualSMC.kext (v.1.0.1)
45:727  0:004  Extra kext: EFI\CLOVER\kexts\Other\USBInjectAll.kext (v.0.6.9)
45:899  0:171  Extra kext: EFI\CLOVER\kexts\Other\SMCProcessor.kext (v.1.0.1)
45:901  0:002  Extra kext: EFI\CLOVER\kexts\Other\SMCBatteryManager.kext (v.1)
45:904  0:002  Extra kext: EFI\CLOVER\kexts\Other\NoTouchID.kext (v.1.0.1)
45:906  0:002  Extra kext: EFI\CLOVER\kexts\Other\Lilu.kext (v.1.2.7)
45:909  0:002  Extra kext: EFI\CLOVER\kexts\Other\IntelMausiEthernet.kext (v.2.4.0)
45:911  0:002  Extra kext: EFI\CLOVER\kexts\Other\BT4LEContiunityFixup.kext (v.1.1.2)
45:914  0:002  Extra kext: EFI\CLOVER\kexts\Other\BrcmPatchRAM2.kext (v.2.2.10)
45:948  0:034  Extra kext: EFI\CLOVER\kexts\Other\BrcmFirmwareData.kext (v.2.2.10)
45:972  0:023  Extra kext: EFI\CLOVER\kexts\Other\AppleBacklightFixup.kext (v.1.0.2)
45:981  0:009  Extra kext: EFI\CLOVER\kexts\Other\AppleALC.kext (v.1.3.3)
46:144  0:162  SetScreenResolution: 1920x1080 - already set
46:144  0:000  Custom boot is disabled
46:145  0:001  Closing log
